<?xml version="1.0" encoding="UTF-8"?>
<!-- Generated by org.testng.reporters.JUnitXMLReporter -->
<testsuite hostname="Raymonds-iMac.attlocal.net" ignored="0" name="Default test" tests="6" failures="0" timestamp="2020-05-01T18:55:29 EDT" time="6.99" errors="0">
  <testcase name="addBookAPI" time="3.423" classname="libraryAPIs.AddBook"/>
  <testcase name="addBookAPI" time="0.702" classname="libraryAPIs.AddBook"/>
  <testcase name="addBookAPI" time="0.686" classname="libraryAPIs.AddBook"/>
  <testcase name="deleteABook" time="0.704" classname="libraryAPIs.AddBook"/>
  <testcase name="deleteABook" time="0.713" classname="libraryAPIs.AddBook"/>
  <testcase name="deleteABook" time="0.715" classname="libraryAPIs.AddBook"/>
</testsuite> <!-- Default test -->
