<?xml version="1.0" encoding="UTF-8"?>
<testng-results skipped="0" failed="0" ignored="0" total="1" passed="1">
  <reporter-output>
  </reporter-output>
  <suite name="Default suite" duration-ms="7743" started-at="2020-05-20T00:20:18 EDT" finished-at="2020-05-20T00:20:25 EDT">
    <groups>
    </groups>
    <test name="Default test" duration-ms="7743" started-at="2020-05-20T00:20:18 EDT" finished-at="2020-05-20T00:20:25 EDT">
      <class name="locationAPIs.AddPlace">
        <test-method status="PASS" signature="addPlace()[pri:1, instance:locationAPIs.AddPlace@64729b1e]" name="addPlace" duration-ms="7687" started-at="2020-05-20T00:20:18 EDT" finished-at="2020-05-20T00:20:25 EDT">
          <reporter-output>
          </reporter-output>
        </test-method> <!-- addPlace -->
      </class> <!-- locationAPIs.AddPlace -->
    </test> <!-- Default test -->
  </suite> <!-- Default suite -->
</testng-results>
